[debug] [2024-09-30T09:11:33.649Z] ----------------------------------------------------------------------
[debug] [2024-09-30T09:11:33.654Z] Command:       C:\Program Files\nodejs\node.exe C:\Users\Elite\AppData\Roaming\npm\node_modules\firebase-tools\lib\bin\firebase.js emulators:start --only functions
[debug] [2024-09-30T09:11:33.655Z] CLI Version:   13.15.4
[debug] [2024-09-30T09:11:33.655Z] Platform:      win32
[debug] [2024-09-30T09:11:33.655Z] Node Version:  v20.13.1
[debug] [2024-09-30T09:11:33.655Z] Time:          Mon Sep 30 2024 10:11:33 GMT+0100 (West Africa Standard Time)
[debug] [2024-09-30T09:11:33.656Z] ----------------------------------------------------------------------
[debug] 
[debug] [2024-09-30T09:11:33.918Z] > command requires scopes: ["email","openid","https://www.googleapis.com/auth/cloudplatformprojects.readonly","https://www.googleapis.com/auth/firebase","https://www.googleapis.com/auth/cloud-platform"]
[debug] [2024-09-30T09:11:33.919Z] > authorizing via signed-in user (emediong5135@gmail.com)
[info] i  emulators: Starting emulators: functions {"metadata":{"emulator":{"name":"hub"},"message":"Starting emulators: functions"}}
[debug] [2024-09-30T09:11:33.942Z] [logging] Logging Emulator only supports listening on one address (127.0.0.1). Not listening on ::1
[debug] [2024-09-30T09:11:33.943Z] assigned listening specs for emulators {"user":{"hub":[{"address":"127.0.0.1","family":"IPv4","port":4400},{"address":"::1","family":"IPv6","port":4400}],"ui":[{"address":"127.0.0.1","family":"IPv4","port":4000},{"address":"::1","family":"IPv6","port":4000}],"logging":[{"address":"127.0.0.1","family":"IPv4","port":4500}]},"metadata":{"message":"assigned listening specs for emulators"}}
[debug] [2024-09-30T09:11:33.957Z] [hub] writing locator at C:\Users\Elite\AppData\Local\Temp\hub-carrycomeapp.json
[debug] [2024-09-30T09:11:34.007Z] [functions] Functions Emulator only supports listening on one address (127.0.0.1). Not listening on ::1
[debug] [2024-09-30T09:11:34.007Z] [eventarc] Eventarc Emulator only supports listening on one address (127.0.0.1). Not listening on ::1
[debug] [2024-09-30T09:11:34.008Z] late-assigned ports for functions and eventarc emulators {"user":{"hub":[{"address":"127.0.0.1","family":"IPv4","port":4400},{"address":"::1","family":"IPv6","port":4400}],"ui":[{"address":"127.0.0.1","family":"IPv4","port":4000},{"address":"::1","family":"IPv6","port":4000}],"logging":[{"address":"127.0.0.1","family":"IPv4","port":4500}],"functions":[{"address":"127.0.0.1","family":"IPv4","port":5001}],"eventarc":[{"address":"127.0.0.1","family":"IPv4","port":9299}]},"metadata":{"message":"late-assigned ports for functions and eventarc emulators"}}
[warn] !  functions: The following emulators are not running, calls to these services from the Functions emulator will affect production: auth, firestore, database, hosting, pubsub, storage, dataconnect {"metadata":{"emulator":{"name":"functions"},"message":"The following emulators are not running, calls to these services from the Functions emulator will affect production: \u001b[1mauth, firestore, database, hosting, pubsub, storage, dataconnect\u001b[22m"}}
[debug] [2024-09-30T09:11:34.015Z] defaultcredentials: writing to file C:\Users\Elite\AppData\Roaming\firebase\emediong5135_gmail_com_application_default_credentials.json
[debug] [2024-09-30T09:11:34.019Z] Setting GAC to C:\Users\Elite\AppData\Roaming\firebase\emediong5135_gmail_com_application_default_credentials.json {"metadata":{"emulator":{"name":"functions"},"message":"Setting GAC to C:\\Users\\Elite\\AppData\\Roaming\\firebase\\emediong5135_gmail_com_application_default_credentials.json"}}
[debug] [2024-09-30T09:11:34.025Z] >>> [apiv2][query] GET https://firebase.googleapis.com/v1beta1/projects/carrycomeapp/adminSdkConfig [none]
[debug] [2024-09-30T09:11:35.255Z] <<< [apiv2][status] GET https://firebase.googleapis.com/v1beta1/projects/carrycomeapp/adminSdkConfig 200
[debug] [2024-09-30T09:11:35.256Z] <<< [apiv2][body] GET https://firebase.googleapis.com/v1beta1/projects/carrycomeapp/adminSdkConfig {"projectId":"carrycomeapp","storageBucket":"carrycomeapp.appspot.com","locationId":"europe-west"}
[debug] [2024-09-30T09:11:35.281Z] Ignoring unsupported arg: auto_download {"metadata":{"emulator":{"name":"ui"},"message":"Ignoring unsupported arg: auto_download"}}
[debug] [2024-09-30T09:11:35.281Z] Ignoring unsupported arg: port {"metadata":{"emulator":{"name":"ui"},"message":"Ignoring unsupported arg: port"}}
[debug] [2024-09-30T09:11:35.282Z] Starting Emulator UI with command {"binary":"node","args":["C:\\Users\\Elite\\.cache\\firebase\\emulators\\ui-v1.13.0\\server\\server.mjs"],"optionalArgs":[],"joinArgs":false,"shell":false} {"metadata":{"emulator":{"name":"ui"},"message":"Starting Emulator UI with command {\"binary\":\"node\",\"args\":[\"C:\\\\Users\\\\Elite\\\\.cache\\\\firebase\\\\emulators\\\\ui-v1.13.0\\\\server\\\\server.mjs\"],\"optionalArgs\":[],\"joinArgs\":false,\"shell\":false}"}}
[info] i  ui: Emulator UI logging to ui-debug.log {"metadata":{"emulator":{"name":"ui"},"message":"Emulator UI logging to \u001b[1mui-debug.log\u001b[22m"}}
[debug] [2024-09-30T09:11:35.623Z] Web / API server started at 127.0.0.1:4000
 {"metadata":{"emulator":{"name":"ui"},"message":"Web / API server started at 127.0.0.1:4000\n"}}
[debug] [2024-09-30T09:11:35.624Z] Web / API server started at ::1:4000
 {"metadata":{"emulator":{"name":"ui"},"message":"Web / API server started at ::1:4000\n"}}
[info] i  functions: Watching "C:\Users\Elite\Documents\Emediong\Demos\testing-firebase-emulator-suite\functions" for Cloud Functions... {"metadata":{"emulator":{"name":"functions"},"message":"Watching \"C:\\Users\\Elite\\Documents\\Emediong\\Demos\\testing-firebase-emulator-suite\\functions\" for Cloud Functions..."}}
[debug] [2024-09-30T09:11:35.766Z] Validating nodejs source
[warn] !  functions: package.json indicates an outdated version of firebase-functions. Please upgrade using npm install --save firebase-functions@latest in your functions directory. 
[warn] !  functions: Please note that there will be breaking changes when you upgrade. 
[debug] [2024-09-30T09:11:38.155Z] > [functions] package.json contents: {
  "name": "functions",
  "description": "Cloud Functions for Firebase",
  "scripts": {
    "serve": "firebase emulators:start --only functions",
    "shell": "firebase functions:shell",
    "start": "npm run shell",
    "deploy": "firebase deploy --only functions",
    "logs": "firebase functions:log"
  },
  "engines": {
    "node": "18"
  },
  "main": "index.js",
  "dependencies": {
    "firebase-admin": "^12.1.0",
    "firebase-functions": "^5.0.0"
  },
  "devDependencies": {
    "firebase-functions-test": "^3.1.0"
  },
  "private": true
}
[debug] [2024-09-30T09:11:38.157Z] Building nodejs source
[debug] [2024-09-30T09:11:38.158Z] Failed to find version of module node: reached end of search path C:\Users\Elite\Documents\Emediong\Demos\testing-firebase-emulator-suite\functions\node_modules
[warn] !  functions: Your requested "node" version "18" doesn't match your global version "20". Using node@20 from host. 
[debug] [2024-09-30T09:11:38.164Z] Could not find functions.yaml. Must use http discovery
[debug] [2024-09-30T09:11:38.180Z] Found firebase-functions binary at 'C:\Users\Elite\Documents\Emediong\Demos\testing-firebase-emulator-suite\functions\node_modules\.bin\firebase-functions'
[info] Serving at port 8328

[debug] [2024-09-30T09:11:39.482Z] Got response from /__/functions.yaml {"endpoints":{"myFunction":{"platform":"gcfv1","availableMemoryMb":null,"timeoutSeconds":null,"minInstances":null,"maxInstances":null,"ingressSettings":null,"serviceAccountEmail":null,"vpc":null,"httpsTrigger":{},"entryPoint":"myFunction"}},"specVersion":"v1alpha1","requiredAPIs":[],"extensions":{}}
[info] +  functions: Loaded functions definitions from source: myFunction. {"metadata":{"emulator":{"name":"functions"},"message":"Loaded functions definitions from source: myFunction."}}
[info] +  functions[us-central1-myFunction]: http function initialized (http://127.0.0.1:5001/carrycomeapp/us-central1/myFunction). {"metadata":{"emulator":{"name":"functions"},"message":"\u001b[1mhttp\u001b[22m function initialized (http://127.0.0.1:5001/carrycomeapp/us-central1/myFunction)."}}
[info] 
┌─────────────────────────────────────────────────────────────┐
│ ✔  All emulators ready! It is now safe to connect your app. │
│ i  View Emulator UI at http://127.0.0.1:4000/               │
└─────────────────────────────────────────────────────────────┘

┌───────────┬────────────────┬─────────────────────────────────┐
│ Emulator  │ Host:Port      │ View in Emulator UI             │
├───────────┼────────────────┼─────────────────────────────────┤
│ Functions │ 127.0.0.1:5001 │ http://127.0.0.1:4000/functions │
└───────────┴────────────────┴─────────────────────────────────┘
  Emulator Hub running at 127.0.0.1:4400
  Other reserved ports: 4500

Issues? Report them at https://github.com/firebase/firebase-tools/issues and attach the *-debug.log files.
 
[debug] [2024-09-30T09:12:32.693Z] [work-queue] {"queuedWork":["/carrycomeapp/us-central1/myFunction-2024-09-30T09:12:32.693Z"],"queueLength":1,"runningWork":[],"workRunningCount":0}
[debug] [2024-09-30T09:12:32.694Z] [work-queue] {"queuedWork":[],"queueLength":0,"runningWork":["/carrycomeapp/us-central1/myFunction-2024-09-30T09:12:32.693Z"],"workRunningCount":1}
[debug] [2024-09-30T09:12:32.696Z] Accepted request GET /carrycomeapp/us-central1/myFunction --> us-central1-myFunction
[debug] [2024-09-30T09:12:32.706Z] [functions] Runtime ready! Sending request! {"metadata":{"emulator":{"name":"functions"},"message":"[functions] Runtime ready! Sending request!"}}
[debug] [2024-09-30T09:12:32.709Z] [functions] Got req.url=/carrycomeapp/us-central1/myFunction, mapping to path=/ {"metadata":{"emulator":{"name":"functions"},"message":"[functions] Got req.url=/carrycomeapp/us-central1/myFunction, mapping to path=/"}}
[debug] [2024-09-30T09:12:32.735Z] [worker-pool] addWorker(us-central1-myFunction) {"metadata":{"emulator":{"name":"functions"},"message":"[worker-pool] addWorker(us-central1-myFunction)"}}
[debug] [2024-09-30T09:12:32.737Z] [worker-pool] Adding worker with key us-central1-myFunction, total=1 {"metadata":{"emulator":{"name":"functions"},"message":"[worker-pool] Adding worker with key us-central1-myFunction, total=1"}}
[debug] [2024-09-30T09:12:36.452Z] [runtime-status] [22068] Resolved module firebase-admin {"declared":true,"installed":true,"version":"12.5.0","resolution":"C:\\Users\\Elite\\Documents\\Emediong\\Demos\\testing-firebase-emulator-suite\\functions\\node_modules\\firebase-admin\\lib\\index.js"} {"metadata":{"emulator":{"name":"functions"},"function":{"name":"us-central1-myFunction"},"extension":{},"message":"[runtime-status] [22068] Resolved module firebase-admin {\"declared\":true,\"installed\":true,\"version\":\"12.5.0\",\"resolution\":\"C:\\\\Users\\\\Elite\\\\Documents\\\\Emediong\\\\Demos\\\\testing-firebase-emulator-suite\\\\functions\\\\node_modules\\\\firebase-admin\\\\lib\\\\index.js\"}"}}
[debug] [2024-09-30T09:12:36.454Z] [runtime-status] [22068] Resolved module firebase-functions {"declared":true,"installed":true,"version":"5.1.1","resolution":"C:\\Users\\Elite\\Documents\\Emediong\\Demos\\testing-firebase-emulator-suite\\functions\\node_modules\\firebase-functions\\lib\\v1\\index.js"} {"metadata":{"emulator":{"name":"functions"},"function":{"name":"us-central1-myFunction"},"extension":{},"message":"[runtime-status] [22068] Resolved module firebase-functions {\"declared\":true,\"installed\":true,\"version\":\"5.1.1\",\"resolution\":\"C:\\\\Users\\\\Elite\\\\Documents\\\\Emediong\\\\Demos\\\\testing-firebase-emulator-suite\\\\functions\\\\node_modules\\\\firebase-functions\\\\lib\\\\v1\\\\index.js\"}"}}
[debug] [2024-09-30T09:12:36.455Z] [runtime-status] [22068] Outgoing network have been stubbed. [{"name":"http","status":"mocked"},{"name":"http","status":"mocked"},{"name":"https","status":"mocked"},{"name":"https","status":"mocked"},{"name":"net","status":"mocked"}] {"metadata":{"emulator":{"name":"functions"},"function":{"name":"us-central1-myFunction"},"extension":{},"message":"[runtime-status] [22068] Outgoing network have been stubbed. [{\"name\":\"http\",\"status\":\"mocked\"},{\"name\":\"http\",\"status\":\"mocked\"},{\"name\":\"https\",\"status\":\"mocked\"},{\"name\":\"https\",\"status\":\"mocked\"},{\"name\":\"net\",\"status\":\"mocked\"}]"}}
[debug] [2024-09-30T09:12:36.458Z] [runtime-status] [22068] Resolved module firebase-functions {"declared":true,"installed":true,"version":"5.1.1","resolution":"C:\\Users\\Elite\\Documents\\Emediong\\Demos\\testing-firebase-emulator-suite\\functions\\node_modules\\firebase-functions\\lib\\v1\\index.js"} {"metadata":{"emulator":{"name":"functions"},"function":{"name":"us-central1-myFunction"},"extension":{},"message":"[runtime-status] [22068] Resolved module firebase-functions {\"declared\":true,\"installed\":true,\"version\":\"5.1.1\",\"resolution\":\"C:\\\\Users\\\\Elite\\\\Documents\\\\Emediong\\\\Demos\\\\testing-firebase-emulator-suite\\\\functions\\\\node_modules\\\\firebase-functions\\\\lib\\\\v1\\\\index.js\"}"}}
[debug] [2024-09-30T09:12:37.194Z] [runtime-status] [22068] Checked functions.config() {"config":{}} {"metadata":{"emulator":{"name":"functions"},"function":{"name":"us-central1-myFunction"},"extension":{},"message":"[runtime-status] [22068] Checked functions.config() {\"config\":{}}"}}
[debug] [2024-09-30T09:12:37.195Z] [runtime-status] [22068] firebase-functions has been stubbed. {"functionsResolution":{"declared":true,"installed":true,"version":"5.1.1","resolution":"C:\\Users\\Elite\\Documents\\Emediong\\Demos\\testing-firebase-emulator-suite\\functions\\node_modules\\firebase-functions\\lib\\v1\\index.js"}} {"metadata":{"emulator":{"name":"functions"},"function":{"name":"us-central1-myFunction"},"extension":{},"message":"[runtime-status] [22068] firebase-functions has been stubbed. {\"functionsResolution\":{\"declared\":true,\"installed\":true,\"version\":\"5.1.1\",\"resolution\":\"C:\\\\Users\\\\Elite\\\\Documents\\\\Emediong\\\\Demos\\\\testing-firebase-emulator-suite\\\\functions\\\\node_modules\\\\firebase-functions\\\\lib\\\\v1\\\\index.js\"}}"}}
[debug] [2024-09-30T09:12:37.199Z] [runtime-status] [22068] Resolved module firebase-functions {"declared":true,"installed":true,"version":"5.1.1","resolution":"C:\\Users\\Elite\\Documents\\Emediong\\Demos\\testing-firebase-emulator-suite\\functions\\node_modules\\firebase-functions\\lib\\v1\\index.js"} {"metadata":{"emulator":{"name":"functions"},"function":{"name":"us-central1-myFunction"},"extension":{},"message":"[runtime-status] [22068] Resolved module firebase-functions {\"declared\":true,\"installed\":true,\"version\":\"5.1.1\",\"resolution\":\"C:\\\\Users\\\\Elite\\\\Documents\\\\Emediong\\\\Demos\\\\testing-firebase-emulator-suite\\\\functions\\\\node_modules\\\\firebase-functions\\\\lib\\\\v1\\\\index.js\"}"}}
[debug] [2024-09-30T09:12:37.203Z] [runtime-status] [22068] Resolved module firebase-admin {"declared":true,"installed":true,"version":"12.5.0","resolution":"C:\\Users\\Elite\\Documents\\Emediong\\Demos\\testing-firebase-emulator-suite\\functions\\node_modules\\firebase-admin\\lib\\index.js"} {"metadata":{"emulator":{"name":"functions"},"function":{"name":"us-central1-myFunction"},"extension":{},"message":"[runtime-status] [22068] Resolved module firebase-admin {\"declared\":true,\"installed\":true,\"version\":\"12.5.0\",\"resolution\":\"C:\\\\Users\\\\Elite\\\\Documents\\\\Emediong\\\\Demos\\\\testing-firebase-emulator-suite\\\\functions\\\\node_modules\\\\firebase-admin\\\\lib\\\\index.js\"}"}}
[debug] [2024-09-30T09:12:37.212Z] [runtime-status] [22068] Resolved module firebase-functions {"declared":true,"installed":true,"version":"5.1.1","resolution":"C:\\Users\\Elite\\Documents\\Emediong\\Demos\\testing-firebase-emulator-suite\\functions\\node_modules\\firebase-functions\\lib\\v1\\index.js"} {"metadata":{"emulator":{"name":"functions"},"function":{"name":"us-central1-myFunction"},"extension":{},"message":"[runtime-status] [22068] Resolved module firebase-functions {\"declared\":true,\"installed\":true,\"version\":\"5.1.1\",\"resolution\":\"C:\\\\Users\\\\Elite\\\\Documents\\\\Emediong\\\\Demos\\\\testing-firebase-emulator-suite\\\\functions\\\\node_modules\\\\firebase-functions\\\\lib\\\\v1\\\\index.js\"}"}}
[debug] [2024-09-30T09:12:37.213Z] [runtime-status] [22068] firebase-admin has been stubbed. {"adminResolution":{"declared":true,"installed":true,"version":"12.5.0","resolution":"C:\\Users\\Elite\\Documents\\Emediong\\Demos\\testing-firebase-emulator-suite\\functions\\node_modules\\firebase-admin\\lib\\index.js"}} {"metadata":{"emulator":{"name":"functions"},"function":{"name":"us-central1-myFunction"},"extension":{},"message":"[runtime-status] [22068] firebase-admin has been stubbed. {\"adminResolution\":{\"declared\":true,\"installed\":true,\"version\":\"12.5.0\",\"resolution\":\"C:\\\\Users\\\\Elite\\\\Documents\\\\Emediong\\\\Demos\\\\testing-firebase-emulator-suite\\\\functions\\\\node_modules\\\\firebase-admin\\\\lib\\\\index.js\"}}"}}
[debug] [2024-09-30T09:12:37.232Z] [runtime-status] [22068] Functions runtime initialized. {"cwd":"C:\\Users\\Elite\\Documents\\Emediong\\Demos\\testing-firebase-emulator-suite\\functions","node_version":"20.13.1"} {"metadata":{"emulator":{"name":"functions"},"function":{"name":"us-central1-myFunction"},"extension":{},"message":"[runtime-status] [22068] Functions runtime initialized. {\"cwd\":\"C:\\\\Users\\\\Elite\\\\Documents\\\\Emediong\\\\Demos\\\\testing-firebase-emulator-suite\\\\functions\",\"node_version\":\"20.13.1\"}"}}
[debug] [2024-09-30T09:12:37.233Z] [runtime-status] [22068] Listening to port: \\?\pipe\fire_emu_ea787138de2efa33 {"metadata":{"emulator":{"name":"functions"},"function":{"name":"us-central1-myFunction"},"extension":{},"message":"[runtime-status] [22068] Listening to port: \\\\?\\pipe\\fire_emu_ea787138de2efa33"}}
[debug] [2024-09-30T09:12:37.331Z] [worker-us-central1-myFunction-ff24e616-d94f-40ca-b18c-9fb86a07e7b5]: IDLE {"metadata":{"emulator":{"name":"functions"},"function":{"name":"us-central1-myFunction"},"extension":{},"message":"[worker-us-central1-myFunction-ff24e616-d94f-40ca-b18c-9fb86a07e7b5]: IDLE"}}
[debug] [2024-09-30T09:12:37.332Z] [worker-pool] submitRequest(triggerId=us-central1-myFunction) {"metadata":{"emulator":{"name":"functions"},"message":"[worker-pool] submitRequest(triggerId=us-central1-myFunction)"}}
[info] i  functions: Beginning execution of "us-central1-myFunction" {"metadata":{"emulator":{"name":"functions"},"function":{"name":"us-central1-myFunction"},"extension":{},"message":"Beginning execution of \"us-central1-myFunction\""}}
[debug] [2024-09-30T09:12:37.334Z] [worker-us-central1-myFunction-ff24e616-d94f-40ca-b18c-9fb86a07e7b5]: BUSY {"metadata":{"emulator":{"name":"functions"},"function":{"name":"us-central1-myFunction"},"extension":{},"message":"[worker-us-central1-myFunction-ff24e616-d94f-40ca-b18c-9fb86a07e7b5]: BUSY"}}
[debug] [2024-09-30T09:12:37.344Z] Finishing up request with event=pause {"metadata":{"emulator":{"name":"functions"},"function":{"name":"us-central1-myFunction"},"extension":{},"message":"Finishing up request with event=pause"}}
[info] i  functions: Finished "us-central1-myFunction" in 10.9512ms {"metadata":{"emulator":{"name":"functions"},"function":{"name":"us-central1-myFunction"},"extension":{},"message":"Finished \"us-central1-myFunction\" in 10.9512ms"}}
[debug] [2024-09-30T09:12:37.346Z] [worker-us-central1-myFunction-ff24e616-d94f-40ca-b18c-9fb86a07e7b5]: IDLE {"metadata":{"emulator":{"name":"functions"},"function":{"name":"us-central1-myFunction"},"extension":{},"message":"[worker-us-central1-myFunction-ff24e616-d94f-40ca-b18c-9fb86a07e7b5]: IDLE"}}
[debug] [2024-09-30T09:12:37.346Z] Finishing up request with event=finish {"metadata":{"emulator":{"name":"functions"},"function":{"name":"us-central1-myFunction"},"extension":{},"message":"Finishing up request with event=finish"}}
[debug] [2024-09-30T09:12:37.347Z] Finishing up request with event=close {"metadata":{"emulator":{"name":"functions"},"function":{"name":"us-central1-myFunction"},"extension":{},"message":"Finishing up request with event=close"}}
[debug] [2024-09-30T09:12:37.347Z] [work-queue] {"queuedWork":[],"queueLength":0,"runningWork":[],"workRunningCount":0}
[debug] [2024-09-30T09:12:37.568Z] Functions emulator received unknown request at path /favicon.ico
[debug] [2024-09-30T09:13:11.419Z] File C:\Users\Elite\Documents\Emediong\Demos\testing-firebase-emulator-suite\functions\index.js changed, reloading triggers {"metadata":{"emulator":{"name":"functions"},"message":"File C:\\Users\\Elite\\Documents\\Emediong\\Demos\\testing-firebase-emulator-suite\\functions\\index.js changed, reloading triggers"}}
[debug] [2024-09-30T09:13:12.429Z] Validating nodejs source
[warn] !  functions: package.json indicates an outdated version of firebase-functions. Please upgrade using npm install --save firebase-functions@latest in your functions directory. 
[warn] !  functions: Please note that there will be breaking changes when you upgrade. 
[debug] [2024-09-30T09:13:15.527Z] > [functions] package.json contents: {
  "name": "functions",
  "description": "Cloud Functions for Firebase",
  "scripts": {
    "serve": "firebase emulators:start --only functions",
    "shell": "firebase functions:shell",
    "start": "npm run shell",
    "deploy": "firebase deploy --only functions",
    "logs": "firebase functions:log"
  },
  "engines": {
    "node": "18"
  },
  "main": "index.js",
  "dependencies": {
    "firebase-admin": "^12.1.0",
    "firebase-functions": "^5.0.0"
  },
  "devDependencies": {
    "firebase-functions-test": "^3.1.0"
  },
  "private": true
}
[debug] [2024-09-30T09:13:15.527Z] Building nodejs source
[debug] [2024-09-30T09:13:15.527Z] Failed to find version of module node: reached end of search path C:\Users\Elite\Documents\Emediong\Demos\testing-firebase-emulator-suite\functions\node_modules
[warn] !  functions: Your requested "node" version "18" doesn't match your global version "20". Using node@20 from host. 
[debug] [2024-09-30T09:13:15.530Z] Could not find functions.yaml. Must use http discovery
[debug] [2024-09-30T09:13:15.548Z] Found firebase-functions binary at 'C:\Users\Elite\Documents\Emediong\Demos\testing-firebase-emulator-suite\functions\node_modules\.bin\firebase-functions'
[info] Serving at port 8401

[debug] [2024-09-30T09:13:16.834Z] Got response from /__/functions.yaml {"endpoints":{"myFunction":{"platform":"gcfv1","availableMemoryMb":null,"timeoutSeconds":null,"minInstances":null,"maxInstances":null,"ingressSettings":null,"serviceAccountEmail":null,"vpc":null,"httpsTrigger":{},"entryPoint":"myFunction"}},"specVersion":"v1alpha1","requiredAPIs":[],"extensions":{}}
[info] +  functions: Loaded functions definitions from source: myFunction. {"metadata":{"emulator":{"name":"functions"},"message":"Loaded functions definitions from source: myFunction."}}
[debug] [2024-09-30T09:13:21.901Z] [worker-pool] Shutting down IDLE worker (us-central1-myFunction) {"metadata":{"emulator":{"name":"functions"},"message":"[worker-pool] Shutting down IDLE worker (us-central1-myFunction)"}}
[debug] [2024-09-30T09:13:21.901Z] [worker-us-central1-myFunction-ff24e616-d94f-40ca-b18c-9fb86a07e7b5]: FINISHING {"metadata":{"emulator":{"name":"functions"},"function":{"name":"us-central1-myFunction"},"extension":{},"message":"[worker-us-central1-myFunction-ff24e616-d94f-40ca-b18c-9fb86a07e7b5]: FINISHING"}}
[debug] [2024-09-30T09:13:21.924Z] [worker-us-central1-myFunction-ff24e616-d94f-40ca-b18c-9fb86a07e7b5]: exited {"metadata":{"emulator":{"name":"functions"},"function":{"name":"us-central1-myFunction"},"extension":{},"message":"[worker-us-central1-myFunction-ff24e616-d94f-40ca-b18c-9fb86a07e7b5]: exited"}}
[debug] [2024-09-30T09:13:21.925Z] [worker-us-central1-myFunction-ff24e616-d94f-40ca-b18c-9fb86a07e7b5]: FINISHED {"metadata":{"emulator":{"name":"functions"},"function":{"name":"us-central1-myFunction"},"extension":{},"message":"[worker-us-central1-myFunction-ff24e616-d94f-40ca-b18c-9fb86a07e7b5]: FINISHED"}}
[debug] [2024-09-30T09:14:10.799Z] File C:\Users\Elite\Documents\Emediong\Demos\testing-firebase-emulator-suite\functions\package.json changed, reloading triggers {"metadata":{"emulator":{"name":"functions"},"message":"File C:\\Users\\Elite\\Documents\\Emediong\\Demos\\testing-firebase-emulator-suite\\functions\\package.json changed, reloading triggers"}}
[debug] [2024-09-30T09:14:11.808Z] Validating nodejs source
[warn] !  functions: package.json indicates an outdated version of firebase-functions. Please upgrade using npm install --save firebase-functions@latest in your functions directory. 
[warn] !  functions: Please note that there will be breaking changes when you upgrade. 
[debug] [2024-09-30T09:14:14.509Z] > [functions] package.json contents: {
  "name": "functions",
  "description": "Cloud Functions for Firebase",
  "scripts": {
    "serve": "firebase emulators:start --only functions",
    "shell": "firebase functions:shell",
    "start": "npm run shell",
    "deploy": "firebase deploy --only functions",
    "logs": "firebase functions:log",
    "format": "prettier --write ."
  },
  "engines": {
    "node": "18"
  },
  "main": "index.js",
  "dependencies": {
    "firebase-admin": "^12.1.0",
    "firebase-functions": "^5.0.0"
  },
  "devDependencies": {
    "firebase-functions-test": "^3.1.0"
  },
  "private": true
}
[debug] [2024-09-30T09:14:14.510Z] Building nodejs source
[debug] [2024-09-30T09:14:14.510Z] Failed to find version of module node: reached end of search path C:\Users\Elite\Documents\Emediong\Demos\testing-firebase-emulator-suite\functions\node_modules
[warn] !  functions: Your requested "node" version "18" doesn't match your global version "20". Using node@20 from host. 
[debug] [2024-09-30T09:14:14.512Z] Could not find functions.yaml. Must use http discovery
[debug] [2024-09-30T09:14:14.523Z] Found firebase-functions binary at 'C:\Users\Elite\Documents\Emediong\Demos\testing-firebase-emulator-suite\functions\node_modules\.bin\firebase-functions'
[info] Serving at port 8629

[debug] [2024-09-30T09:14:15.798Z] Got response from /__/functions.yaml {"endpoints":{"myFunction":{"platform":"gcfv1","availableMemoryMb":null,"timeoutSeconds":null,"minInstances":null,"maxInstances":null,"ingressSettings":null,"serviceAccountEmail":null,"vpc":null,"httpsTrigger":{},"entryPoint":"myFunction"}},"specVersion":"v1alpha1","requiredAPIs":[],"extensions":{}}
[info] +  functions: Loaded functions definitions from source: myFunction. {"metadata":{"emulator":{"name":"functions"},"message":"Loaded functions definitions from source: myFunction."}}
[debug] [2024-09-30T09:15:36.266Z] File C:\Users\Elite\Documents\Emediong\Demos\testing-firebase-emulator-suite\functions\package.json changed, reloading triggers {"metadata":{"emulator":{"name":"functions"},"message":"File C:\\Users\\Elite\\Documents\\Emediong\\Demos\\testing-firebase-emulator-suite\\functions\\package.json changed, reloading triggers"}}
[debug] [2024-09-30T09:15:36.707Z] File C:\Users\Elite\Documents\Emediong\Demos\testing-firebase-emulator-suite\functions\package-lock.json changed, reloading triggers {"metadata":{"emulator":{"name":"functions"},"message":"File C:\\Users\\Elite\\Documents\\Emediong\\Demos\\testing-firebase-emulator-suite\\functions\\package-lock.json changed, reloading triggers"}}
[debug] [2024-09-30T09:15:37.721Z] Validating nodejs source
[warn] !  functions: package.json indicates an outdated version of firebase-functions. Please upgrade using npm install --save firebase-functions@latest in your functions directory. 
[warn] !  functions: Please note that there will be breaking changes when you upgrade. 
[debug] [2024-09-30T09:15:40.210Z] > [functions] package.json contents: {
  "name": "functions",
  "description": "Cloud Functions for Firebase",
  "scripts": {
    "serve": "firebase emulators:start --only functions",
    "shell": "firebase functions:shell",
    "start": "npm run shell",
    "deploy": "firebase deploy --only functions",
    "logs": "firebase functions:log",
    "format": "prettier --write ."
  },
  "engines": {
    "node": "18"
  },
  "main": "index.js",
  "dependencies": {
    "firebase-admin": "^12.1.0",
    "firebase-functions": "^5.0.0"
  },
  "devDependencies": {
    "firebase-functions-test": "^3.1.0",
    "prettier": "^3.3.3"
  },
  "private": true
}
[debug] [2024-09-30T09:15:40.210Z] Building nodejs source
[debug] [2024-09-30T09:15:40.210Z] Failed to find version of module node: reached end of search path C:\Users\Elite\Documents\Emediong\Demos\testing-firebase-emulator-suite\functions\node_modules
[warn] !  functions: Your requested "node" version "18" doesn't match your global version "20". Using node@20 from host. 
[debug] [2024-09-30T09:15:40.212Z] Could not find functions.yaml. Must use http discovery
[debug] [2024-09-30T09:15:40.224Z] Found firebase-functions binary at 'C:\Users\Elite\Documents\Emediong\Demos\testing-firebase-emulator-suite\functions\node_modules\.bin\firebase-functions'
[info] Serving at port 8099

[debug] [2024-09-30T09:15:41.202Z] File C:\Users\Elite\Documents\Emediong\Demos\testing-firebase-emulator-suite\functions\index.js changed, reloading triggers {"metadata":{"emulator":{"name":"functions"},"message":"File C:\\Users\\Elite\\Documents\\Emediong\\Demos\\testing-firebase-emulator-suite\\functions\\index.js changed, reloading triggers"}}
[debug] [2024-09-30T09:15:41.512Z] Got response from /__/functions.yaml {"endpoints":{"myFunction":{"platform":"gcfv1","availableMemoryMb":null,"timeoutSeconds":null,"minInstances":null,"maxInstances":null,"ingressSettings":null,"serviceAccountEmail":null,"vpc":null,"httpsTrigger":{},"entryPoint":"myFunction"}},"specVersion":"v1alpha1","requiredAPIs":[],"extensions":{}}
[debug] [2024-09-30T09:15:41.610Z] File C:\Users\Elite\Documents\Emediong\Demos\testing-firebase-emulator-suite\functions\package-lock.json changed, reloading triggers {"metadata":{"emulator":{"name":"functions"},"message":"File C:\\Users\\Elite\\Documents\\Emediong\\Demos\\testing-firebase-emulator-suite\\functions\\package-lock.json changed, reloading triggers"}}
[debug] [2024-09-30T09:15:41.630Z] File C:\Users\Elite\Documents\Emediong\Demos\testing-firebase-emulator-suite\functions\package.json changed, reloading triggers {"metadata":{"emulator":{"name":"functions"},"message":"File C:\\Users\\Elite\\Documents\\Emediong\\Demos\\testing-firebase-emulator-suite\\functions\\package.json changed, reloading triggers"}}
[debug] [2024-09-30T09:15:42.639Z] Validating nodejs source
[warn] !  functions: package.json indicates an outdated version of firebase-functions. Please upgrade using npm install --save firebase-functions@latest in your functions directory. 
[warn] !  functions: Please note that there will be breaking changes when you upgrade. 
[debug] [2024-09-30T09:15:45.610Z] > [functions] package.json contents: {
  "name": "functions",
  "description": "Cloud Functions for Firebase",
  "scripts": {
    "serve": "firebase emulators:start --only functions",
    "shell": "firebase functions:shell",
    "start": "npm run shell",
    "deploy": "firebase deploy --only functions",
    "logs": "firebase functions:log",
    "format": "prettier --write ."
  },
  "engines": {
    "node": "18"
  },
  "main": "index.js",
  "dependencies": {
    "firebase-admin": "^12.1.0",
    "firebase-functions": "^5.0.0"
  },
  "devDependencies": {
    "firebase-functions-test": "^3.1.0",
    "prettier": "^3.3.3"
  },
  "private": true
}
[debug] [2024-09-30T09:15:45.610Z] Building nodejs source
[debug] [2024-09-30T09:15:45.610Z] Failed to find version of module node: reached end of search path C:\Users\Elite\Documents\Emediong\Demos\testing-firebase-emulator-suite\functions\node_modules
[warn] !  functions: Your requested "node" version "18" doesn't match your global version "20". Using node@20 from host. 
[debug] [2024-09-30T09:15:45.613Z] Could not find functions.yaml. Must use http discovery
[debug] [2024-09-30T09:15:45.623Z] Found firebase-functions binary at 'C:\Users\Elite\Documents\Emediong\Demos\testing-firebase-emulator-suite\functions\node_modules\.bin\firebase-functions'
[info] Serving at port 8947

[info] +  functions: Loaded functions definitions from source: myFunction. {"metadata":{"emulator":{"name":"functions"},"message":"Loaded functions definitions from source: myFunction."}}
[debug] [2024-09-30T09:15:47.397Z] Got response from /__/functions.yaml {"endpoints":{"myFunction":{"platform":"gcfv1","availableMemoryMb":null,"timeoutSeconds":null,"minInstances":null,"maxInstances":null,"ingressSettings":null,"serviceAccountEmail":null,"vpc":null,"httpsTrigger":{},"entryPoint":"myFunction"}},"specVersion":"v1alpha1","requiredAPIs":[],"extensions":{}}
[info] +  functions: Loaded functions definitions from source: myFunction. {"metadata":{"emulator":{"name":"functions"},"message":"Loaded functions definitions from source: myFunction."}}
